Fri Dec 02 2016 23:00:06 GMT+0530 (IST)
Fri Dec 02 2016 23:00:08 GMT+0530 (IST)
Fri Dec 02 2016 23:00:09 GMT+0530 (IST)
Fri Dec 02 2016 23:01:12 GMT+0530 (IST) GET /
Fri Dec 02 2016 23:01:13 GMT+0530 (IST) GET /about
Fri Dec 02 2016 23:02:36 GMT+0530 (IST) GET /about
Fri Dec 02 2016 23:02:37 GMT+0530 (IST) GET /about
Sat Dec 03 2016 12:57:35 GMT+0530 (IST) GET /
Sat Dec 03 2016 12:57:35 GMT+0530 (IST) GET /favicon.ico
Sat Dec 03 2016 12:57:39 GMT+0530 (IST) GET /about
Sat Dec 03 2016 12:58:00 GMT+0530 (IST) GET /about
Sat Dec 03 2016 12:58:13 GMT+0530 (IST) GET /
Sat Dec 03 2016 12:58:15 GMT+0530 (IST) GET /
Sat Dec 03 2016 12:59:06 GMT+0530 (IST) GET /
Sat Dec 03 2016 12:59:14 GMT+0530 (IST) GET /help
Sat Dec 03 2016 12:59:17 GMT+0530 (IST) GET /about
Sat Dec 03 2016 12:59:17 GMT+0530 (IST) GET /asd
Sat Dec 03 2016 12:59:52 GMT+0530 (IST) GET /
Sat Dec 03 2016 12:59:55 GMT+0530 (IST) GET /about
Sat Dec 03 2016 12:59:56 GMT+0530 (IST) GET /
